# JRE version: OpenJDK Runtime Environment Temurin-21.0.10+7 (21.0.10+7) (build 21.0.10+7-LTS)
# Java VM: OpenJDK 64-Bit Server VM Temurin-21.0.10+7 (21.0.10+7-LTS, mixed mode, sharing, tiered, compressed oops, compressed class ptrs, parallel gc, windows-amd64)
GC Precious Log:
 CardTable entry size: 512
 CPUs: 8 total, 8 available
 Memory: 8025M
 Large Page Support: Disabled
 NUMA Support: Disabled
 Compressed Oops: Enabled (32-bit)
 Alignments: Space 512K, Generation 512K, Heap 2M
 Heap Min Capacity: 100M
 Heap Initial Capacity: 100M
 Heap Max Capacity: 2G
 Pre-touch: Disabled
 Parallel Workers: 8
Heap:
 PSYoungGen      total 5632K, used 1236K [0x00000000d5580000, 0x00000000d6200000, 0x0000000100000000)
  eden space 4608K, 5% used [0x00000000d5580000,0x00000000d55ba1f8,0x00000000d5a00000)
  from space 1024K, 98% used [0x00000000d6100000,0x00000000d61fb100,0x00000000d6200000)
  to   space 512K, 0% used [0x00000000d6080000,0x00000000d6080000,0x00000000d6100000)
 ParOldGen       total 440320K, used 439972K [0x0000000080000000, 0x000000009ae00000, 0x00000000d5580000)
  object space 440320K, 99% used [0x0000000080000000,0x000000009ada93e8,0x000000009ae00000)
 Metaspace       used 79048K, committed 80768K, reserved 1179648K
  class space    used 8240K, committed 9024K, reserved 1048576K
GC Heap History (20 events):
Event: 1703.407 GC heap before
{Heap before GC invocations=170 (full 3):
 PSYoungGen      total 5120K, used 4928K [0x00000000d5580000, 0x00000000d6200000, 0x0000000100000000)
  eden space 4608K, 100% used [0x00000000d5580000,0x00000000d5a00000,0x00000000d5a00000)
  from space 512K, 62% used [0x00000000d6180000,0x00000000d61d0000,0x00000000d6200000)
  to   space 512K, 0% used [0x00000000d6100000,0x00000000d6100000,0x00000000d6180000)
 ParOldGen       total 431616K, used 431439K [0x0000000080000000, 0x000000009a580000, 0x00000000d5580000)
  object space 431616K, 99% used [0x0000000080000000,0x000000009a553d80,0x000000009a580000)
 Metaspace       used 78837K, committed 80640K, reserved 1179648K
  class space    used 8220K, committed 9024K, reserved 1048576K
}
Event: 1703.409 GC heap after
{Heap after GC invocations=170 (full 3):
 PSYoungGen      total 5120K, used 288K [0x00000000d5580000, 0x00000000d6200000, 0x0000000100000000)
  eden space 4608K, 0% used [0x00000000d5580000,0x00000000d5580000,0x00000000d5a00000)
  from space 512K, 56% used [0x00000000d6100000,0x00000000d6148000,0x00000000d6180000)
  to   space 512K, 0% used [0x00000000d6180000,0x00000000d6180000,0x00000000d6200000)
 ParOldGen       total 431616K, used 431535K [0x0000000080000000, 0x000000009a580000, 0x00000000d5580000)
  object space 431616K, 99% used [0x0000000080000000,0x000000009a56bd80,0x000000009a580000)
 Metaspace       used 78837K, committed 80640K, reserved 1179648K
  class space    used 8220K, committed 9024K, reserved 1048576K
}
Event: 1992.061 GC heap before
{Heap before GC invocations=171 (full 3):
 PSYoungGen      total 5120K, used 4896K [0x00000000d5580000, 0x00000000d6200000, 0x0000000100000000)
  eden space 4608K, 100% used [0x00000000d5580000,0x00000000d5a00000,0x00000000d5a00000)
  from space 512K, 56% used [0x00000000d6100000,0x00000000d6148000,0x00000000d6180000)
  to   space 512K, 0% used [0x00000000d6180000,0x00000000d6180000,0x00000000d6200000)
 ParOldGen       total 431616K, used 431535K [0x0000000080000000, 0x000000009a580000, 0x00000000d5580000)
  object space 431616K, 99% used [0x0000000080000000,0x000000009a56bd80,0x000000009a580000)
 Metaspace       used 78844K, committed 80640K, reserved 1179648K
  class space    used 8220K, committed 9024K, reserved 1048576K
}
Event: 1992.076 GC heap after
{Heap after GC invocations=171 (full 3):
 PSYoungGen      total 5120K, used 224K [0x00000000d5580000, 0x00000000d6200000, 0x0000000100000000)
  eden space 4608K, 0% used [0x00000000d5580000,0x00000000d5580000,0x00000000d5a00000)
  from space 512K, 43% used [0x00000000d6180000,0x00000000d61b8000,0x00000000d6200000)
  to   space 512K, 0% used [0x00000000d6100000,0x00000000d6100000,0x00000000d6180000)
 ParOldGen       total 432128K, used 431639K [0x0000000080000000, 0x000000009a600000, 0x00000000d5580000)
  object space 432128K, 99% used [0x0000000080000000,0x000000009a585d80,0x000000009a600000)
 Metaspace       used 78844K, committed 80640K, reserved 1179648K
  class space    used 8220K, committed 9024K, reserved 1048576K
}
Event: 2039.266 GC heap before
{Heap before GC invocations=172 (full 3):
 PSYoungGen      total 5120K, used 4832K [0x00000000d5580000, 0x00000000d6200000, 0x0000000100000000)
  eden space 4608K, 100% used [0x00000000d5580000,0x00000000d5a00000,0x00000000d5a00000)
  from space 512K, 43% used [0x00000000d6180000,0x00000000d61b8000,0x00000000d6200000)
  to   space 512K, 0% used [0x00000000d6100000,0x00000000d6100000,0x00000000d6180000)
 ParOldGen       total 432128K, used 431639K [0x0000000080000000, 0x000000009a600000, 0x00000000d5580000)
  object space 432128K, 99% used [0x0000000080000000,0x000000009a585d80,0x000000009a600000)
 Metaspace       used 78845K, committed 80640K, reserved 1179648K
  class space    used 8220K, committed 9024K, reserved 1048576K
}
Event: 2039.269 GC heap after
{Heap after GC invocations=172 (full 3):
 PSYoungGen      total 5120K, used 506K [0x00000000d5580000, 0x00000000d6200000, 0x0000000100000000)
  eden space 4608K, 0% used [0x00000000d5580000,0x00000000d5580000,0x00000000d5a00000)
  from space 512K, 98% used [0x00000000d6100000,0x00000000d617e920,0x00000000d6180000)
  to   space 512K, 0% used [0x00000000d6180000,0x00000000d6180000,0x00000000d6200000)
 ParOldGen       total 432128K, used 431900K [0x0000000080000000, 0x000000009a600000, 0x00000000d5580000)
  object space 432128K, 99% used [0x0000000080000000,0x000000009a5c7020,0x000000009a600000)
 Metaspace       used 78845K, committed 80640K, reserved 1179648K
  class space    used 8220K, committed 9024K, reserved 1048576K
}
Event: 2039.311 GC heap before
{Heap before GC invocations=173 (full 3):
 PSYoungGen      total 5120K, used 5114K [0x00000000d5580000, 0x00000000d6200000, 0x0000000100000000)
  eden space 4608K, 100% used [0x00000000d5580000,0x00000000d5a00000,0x00000000d5a00000)
  from space 512K, 98% used [0x00000000d6100000,0x00000000d617e920,0x00000000d6180000)
  to   space 512K, 0% used [0x00000000d6180000,0x00000000d6180000,0x00000000d6200000)
 ParOldGen       total 432128K, used 431900K [0x0000000080000000, 0x000000009a600000, 0x00000000d5580000)
  object space 432128K, 99% used [0x0000000080000000,0x000000009a5c7020,0x000000009a600000)
 Metaspace       used 78851K, committed 80640K, reserved 1179648K
  class space    used 8220K, committed 9024K, reserved 1048576K
}
Event: 2039.313 GC heap after
{Heap after GC invocations=173 (full 3):
 PSYoungGen      total 5120K, used 506K [0x00000000d5580000, 0x00000000d6200000, 0x0000000100000000)
  eden space 4608K, 0% used [0x00000000d5580000,0x00000000d5580000,0x00000000d5a00000)
  from space 512K, 98% used [0x00000000d6180000,0x00000000d61fe920,0x00000000d6200000)
  to   space 1536K, 0% used [0x00000000d5f00000,0x00000000d5f00000,0x00000000d6080000)
 ParOldGen       total 432640K, used 432520K [0x0000000080000000, 0x000000009a680000, 0x00000000d5580000)
  object space 432640K, 99% used [0x0000000080000000,0x000000009a662260,0x000000009a680000)
 Metaspace       used 78851K, committed 80640K, reserved 1179648K
  class space    used 8220K, committed 9024K, reserved 1048576K
}
Event: 2039.438 GC heap before
{Heap before GC invocations=174 (full 3):
 PSYoungGen      total 5120K, used 5114K [0x00000000d5580000, 0x00000000d6200000, 0x0000000100000000)
  eden space 4608K, 99% used [0x00000000d5580000,0x00000000d59ffff8,0x00000000d5a00000)
  from space 512K, 98% used [0x00000000d6180000,0x00000000d61fe920,0x00000000d6200000)
  to   space 1536K, 0% used [0x00000000d5f00000,0x00000000d5f00000,0x00000000d6080000)
 ParOldGen       total 432640K, used 432520K [0x0000000080000000, 0x000000009a680000, 0x00000000d5580000)
  object space 432640K, 99% used [0x0000000080000000,0x000000009a662260,0x000000009a680000)
 Metaspace       used 78883K, committed 80640K, reserved 1179648K
  class space    used 8221K, committed 9024K, reserved 1048576K
}
Event: 2039.441 GC heap after
{Heap after GC invocations=174 (full 3):
 PSYoungGen      total 6144K, used 672K [0x00000000d5580000, 0x00000000d6200000, 0x0000000100000000)
  eden space 4608K, 0% used [0x00000000d5580000,0x00000000d5580000,0x00000000d5a00000)
  from space 1536K, 43% used [0x00000000d5f00000,0x00000000d5fa8020,0x00000000d6080000)
  to   space 1024K, 0% used [0x00000000d6100000,0x00000000d6100000,0x00000000d6200000)
 ParOldGen       total 433152K, used 433017K [0x0000000080000000, 0x000000009a700000, 0x00000000d5580000)
  object space 433152K, 99% used [0x0000000080000000,0x000000009a6de618,0x000000009a700000)
 Metaspace       used 78883K, committed 80640K, reserved 1179648K
  class space    used 8221K, committed 9024K, reserved 1048576K
}
Event: 2039.620 GC heap before
{Heap before GC invocations=175 (full 3):
 PSYoungGen      total 6144K, used 5280K [0x00000000d5580000, 0x00000000d6200000, 0x0000000100000000)
  eden space 4608K, 100% used [0x00000000d5580000,0x00000000d5a00000,0x00000000d5a00000)
  from space 1536K, 43% used [0x00000000d5f00000,0x00000000d5fa8020,0x00000000d6080000)
  to   space 1024K, 0% used [0x00000000d6100000,0x00000000d6100000,0x00000000d6200000)
 ParOldGen       total 433152K, used 433017K [0x0000000080000000, 0x000000009a700000, 0x00000000d5580000)
  object space 433152K, 99% used [0x0000000080000000,0x000000009a6de618,0x000000009a700000)
 Metaspace       used 78886K, committed 80640K, reserved 1179648K
  class space    used 8221K, committed 9024K, reserved 1048576K
}
Event: 2039.622 GC heap after
{Heap after GC invocations=175 (full 3):
 PSYoungGen      total 5120K, used 314K [0x00000000d5580000, 0x00000000d6180000, 0x0000000100000000)
  eden space 4608K, 0% used [0x00000000d5580000,0x00000000d5580000,0x00000000d5a00000)
  from space 512K, 61% used [0x00000000d6100000,0x00000000d614e900,0x00000000d6180000)
  to   space 512K, 0% used [0x00000000d6080000,0x00000000d6080000,0x00000000d6100000)
 ParOldGen       total 433664K, used 433605K [0x0000000080000000, 0x000000009a780000, 0x00000000d5580000)
  object space 433664K, 99% used [0x0000000080000000,0x000000009a7717d0,0x000000009a780000)
 Metaspace       used 78886K, committed 80640K, reserved 1179648K
  class space    used 8221K, committed 9024K, reserved 1048576K
}
Event: 2041.509 GC heap before
{Heap before GC invocations=176 (full 3):
 PSYoungGen      total 5120K, used 4922K [0x00000000d5580000, 0x00000000d6180000, 0x0000000100000000)
  eden space 4608K, 100% used [0x00000000d5580000,0x00000000d5a00000,0x00000000d5a00000)
  from space 512K, 61% used [0x00000000d6100000,0x00000000d614e900,0x00000000d6180000)
  to   space 512K, 0% used [0x00000000d6080000,0x00000000d6080000,0x00000000d6100000)
 ParOldGen       total 433664K, used 433605K [0x0000000080000000, 0x000000009a780000, 0x00000000d5580000)
  object space 433664K, 99% used [0x0000000080000000,0x000000009a7717d0,0x000000009a780000)
 Metaspace       used 78906K, committed 80640K, reserved 1179648K
  class space    used 8222K, committed 9024K, reserved 1048576K
}
Event: 2041.511 GC heap after
{Heap after GC invocations=176 (full 3):
 PSYoungGen      total 5120K, used 282K [0x00000000d5580000, 0x00000000d6180000, 0x0000000100000000)
  eden space 4608K, 0% used [0x00000000d5580000,0x00000000d5580000,0x00000000d5a00000)
  from space 512K, 55% used [0x00000000d6080000,0x00000000d60c6900,0x00000000d6100000)
  to   space 512K, 0% used [0x00000000d6100000,0x00000000d6100000,0x00000000d6180000)
 ParOldGen       total 433664K, used 433629K [0x0000000080000000, 0x000000009a780000, 0x00000000d5580000)
  object space 433664K, 99% used [0x0000000080000000,0x000000009a7777d0,0x000000009a780000)
 Metaspace       used 78906K, committed 80640K, reserved 1179648K
  class space    used 8222K, committed 9024K, reserved 1048576K
}
Event: 2043.951 GC heap before
{Heap before GC invocations=177 (full 3):
 PSYoungGen      total 5120K, used 4890K [0x00000000d5580000, 0x00000000d6180000, 0x0000000100000000)
  eden space 4608K, 100% used [0x00000000d5580000,0x00000000d5a00000,0x00000000d5a00000)
  from space 512K, 55% used [0x00000000d6080000,0x00000000d60c6900,0x00000000d6100000)
  to   space 512K, 0% used [0x00000000d6100000,0x00000000d6100000,0x00000000d6180000)
 ParOldGen       total 433664K, used 433629K [0x0000000080000000, 0x000000009a780000, 0x00000000d5580000)
  object space 433664K, 99% used [0x0000000080000000,0x000000009a7777d0,0x000000009a780000)
 Metaspace       used 79046K, committed 80768K, reserved 1179648K
  class space    used 8240K, committed 9024K, reserved 1048576K
}
Event: 2043.952 GC heap after
{Heap after GC invocations=177 (full 3):
 PSYoungGen      total 5120K, used 372K [0x00000000d5580000, 0x00000000d6180000, 0x0000000100000000)
  eden space 4608K, 0% used [0x00000000d5580000,0x00000000d5580000,0x00000000d5a00000)
  from space 512K, 72% used [0x00000000d6100000,0x00000000d615d200,0x00000000d6180000)
  to   space 512K, 0% used [0x00000000d6080000,0x00000000d6080000,0x00000000d6100000)
 ParOldGen       total 434176K, used 433677K [0x0000000080000000, 0x000000009a800000, 0x00000000d5580000)
  object space 434176K, 99% used [0x0000000080000000,0x000000009a7837d0,0x000000009a800000)
 Metaspace       used 79046K, committed 80768K, reserved 1179648K
  class space    used 8240K, committed 9024K, reserved 1048576K
}
Event: 2043.981 GC heap before
{Heap before GC invocations=178 (full 3):
 PSYoungGen      total 5120K, used 4980K [0x00000000d5580000, 0x00000000d6180000, 0x0000000100000000)
  eden space 4608K, 100% used [0x00000000d5580000,0x00000000d5a00000,0x00000000d5a00000)
  from space 512K, 72% used [0x00000000d6100000,0x00000000d615d200,0x00000000d6180000)
  to   space 512K, 0% used [0x00000000d6080000,0x00000000d6080000,0x00000000d6100000)
 ParOldGen       total 434176K, used 433677K [0x0000000080000000, 0x000000009a800000, 0x00000000d5580000)
  object space 434176K, 99% used [0x0000000080000000,0x000000009a7837d0,0x000000009a800000)
 Metaspace       used 79047K, committed 80768K, reserved 1179648K
  class space    used 8240K, committed 9024K, reserved 1048576K
}
Event: 2043.986 GC heap after
{Heap after GC invocations=178 (full 3):
 PSYoungGen      total 5120K, used 486K [0x00000000d5580000, 0x00000000d6200000, 0x0000000100000000)
  eden space 4608K, 0% used [0x00000000d5580000,0x00000000d5580000,0x00000000d5a00000)
  from space 512K, 94% used [0x00000000d6080000,0x00000000d60f9880,0x00000000d6100000)
  to   space 1024K, 0% used [0x00000000d6100000,0x00000000d6100000,0x00000000d6200000)
 ParOldGen       total 436736K, used 436672K [0x0000000080000000, 0x000000009aa80000, 0x00000000d5580000)
  object space 436736K, 99% used [0x0000000080000000,0x000000009aa70250,0x000000009aa80000)
 Metaspace       used 79047K, committed 80768K, reserved 1179648K
  class space    used 8240K, committed 9024K, reserved 1048576K
}
Event: 2044.005 GC heap before
{Heap before GC invocations=179 (full 3):
 PSYoungGen      total 5120K, used 5094K [0x00000000d5580000, 0x00000000d6200000, 0x0000000100000000)
  eden space 4608K, 100% used [0x00000000d5580000,0x00000000d5a00000,0x00000000d5a00000)
  from space 512K, 94% used [0x00000000d6080000,0x00000000d60f9880,0x00000000d6100000)
  to   space 1024K, 0% used [0x00000000d6100000,0x00000000d6100000,0x00000000d6200000)
 ParOldGen       total 436736K, used 436672K [0x0000000080000000, 0x000000009aa80000, 0x00000000d5580000)
  object space 436736K, 99% used [0x0000000080000000,0x000000009aa70250,0x000000009aa80000)
 Metaspace       used 79047K, committed 80768K, reserved 1179648K
  class space    used 8240K, committed 9024K, reserved 1048576K
}
Event: 2044.008 GC heap after
{Heap after GC invocations=179 (full 3):
 PSYoungGen      total 5632K, used 1004K [0x00000000d5580000, 0x00000000d6200000, 0x0000000100000000)
  eden space 4608K, 0% used [0x00000000d5580000,0x00000000d5580000,0x00000000d5a00000)
  from space 1024K, 98% used [0x00000000d6100000,0x00000000d61fb100,0x00000000d6200000)
  to   space 512K, 0% used [0x00000000d6080000,0x00000000d6080000,0x00000000d6100000)
 ParOldGen       total 440320K, used 439972K [0x0000000080000000, 0x000000009ae00000, 0x00000000d5580000)
  object space 440320K, 99% used [0x0000000080000000,0x000000009ada93e8,0x000000009ae00000)
 Metaspace       used 79047K, committed 80768K, reserved 1179648K
  class space    used 8240K, committed 9024K, reserved 1048576K
}

